0 info it worked if it ends with ok
1 verbose cli [ 'E:\\frontspace\\nodejs\\node.exe',
1 verbose cli   'E:\\frontspace\\nvm\\npm\\node_modules\\npm\\bin\\npm-cli.js',
1 verbose cli   'run',
1 verbose cli   'dev' ]
2 info using npm@3.7.5
3 info using node@v10.6.0
4 verbose run-script [ 'predev', 'dev', 'postdev' ]
5 info lifecycle 05-01@1.0.0~predev: 05-01@1.0.0
6 silly lifecycle 05-01@1.0.0~predev: no script for predev, continuing
7 info lifecycle 05-01@1.0.0~dev: 05-01@1.0.0
8 verbose lifecycle 05-01@1.0.0~dev: unsafe-perm in lifecycle true
9 verbose lifecycle 05-01@1.0.0~dev: PATH: E:\frontspace\nvm\npm\node_modules\npm\bin\node-gyp-bin;E:\frontspace\05 react\05-OK可实现自动刷新\node_modules\.bin;E:\frontspace\nodejs;C:\PROGRA~1\PTC\MKSTOO~1\bin;C:\PROGRA~1\PTC\MKSTOO~1\bin\X11;C:\PROGRA~1\PTC\MKSTOO~1\mksnt;D:\app\Administrator\product\11.2.0\dbhome_1\bin;C:\Windows\system32;C:\Windows;C:\Windows\System32\Wbem;C:\Windows\System32\WindowsPowerShell\v1.0\;C:\Program Files\Java\jdk1.7.0\bin;D:\Program Files\MySQL\MySQL Server 5.0\bin;D:\Python36-32\;D:\develop\nvm\npm;D:\Python36-32\Scripts\;D:\Python36-32\;D:\develop\nvm;D:\develop\nodejs;D:\develop\nvm;D:\develop\nodejs;E:\frontspace\Git\cmd;D:\Python36-32\Scripts\;D:\Python36-32\;E:\frontspace\nvm;E:\frontspace\nvm\npm;E:\frontspace\nodejs;E:\frontspace\Git\bin;
10 verbose lifecycle 05-01@1.0.0~dev: CWD: E:\frontspace\05 react\05-OK可实现自动刷新
11 silly lifecycle 05-01@1.0.0~dev: Args: [ '/d /s /c',
11 silly lifecycle   'webpack-dev-server --contentbase src --inline --hot' ]
12 silly lifecycle 05-01@1.0.0~dev: Returned: code: 1  signal: null
13 info lifecycle 05-01@1.0.0~dev: Failed to exec dev script
14 verbose stack Error: 05-01@1.0.0 dev: `webpack-dev-server --contentbase src --inline --hot`
14 verbose stack Exit status 1
14 verbose stack     at EventEmitter.<anonymous> (E:\frontspace\nvm\npm\node_modules\npm\lib\utils\lifecycle.js:239:16)
14 verbose stack     at EventEmitter.emit (events.js:182:13)
14 verbose stack     at ChildProcess.<anonymous> (E:\frontspace\nvm\npm\node_modules\npm\lib\utils\spawn.js:24:14)
14 verbose stack     at ChildProcess.emit (events.js:182:13)
14 verbose stack     at maybeClose (internal/child_process.js:961:16)
14 verbose stack     at Process.ChildProcess._handle.onexit (internal/child_process.js:248:5)
15 verbose pkgid 05-01@1.0.0
16 verbose cwd E:\frontspace\05 react\05-OK可实现自动刷新
17 error Windows_NT 6.1.7601
18 error argv "E:\\frontspace\\nodejs\\node.exe" "E:\\frontspace\\nvm\\npm\\node_modules\\npm\\bin\\npm-cli.js" "run" "dev"
19 error node v10.6.0
20 error npm  v3.7.5
21 error code ELIFECYCLE
22 error 05-01@1.0.0 dev: `webpack-dev-server --contentbase src --inline --hot`
22 error Exit status 1
23 error Failed at the 05-01@1.0.0 dev script 'webpack-dev-server --contentbase src --inline --hot'.
23 error Make sure you have the latest version of node.js and npm installed.
23 error If you do, this is most likely a problem with the 05-01 package,
23 error not with npm itself.
23 error Tell the author that this fails on your system:
23 error     webpack-dev-server --contentbase src --inline --hot
23 error You can get information on how to open an issue for this project with:
23 error     npm bugs 05-01
23 error Or if that isn't available, you can get their info via:
23 error     npm owner ls 05-01
23 error There is likely additional logging output above.
24 verbose exit [ 1, true ]
